app/build/intermediates/manifest_merge_blame_file/debug/manifest-merger-blame-debug-report.txt
1<?xml version="1.0" encoding="utf-8"?>
2<manifest xmlns:android="http://schemas.android.com/apk/res/android"
3    package="com.example.singhkshitiz.letschat"
4    android:versionCode="1"
5    android:versionName="1.0" >
6
7    <uses-sdk
8        android:minSdkVersion="21"
8-->src\main\AndroidManifest.xml
9        android:targetSdkVersion="26" />
9-->src\main\AndroidManifest.xml
10
11    <uses-permission android:name="android.permission.INTERNET" />
11-->src\main\AndroidManifest.xml:5:5-67
11-->src\main\AndroidManifest.xml:5:22-64
12    <uses-permission android:name="android.permission.READ_EXTERNAL_STORAGE" />
12-->src\main\AndroidManifest.xml:6:5-80
12-->src\main\AndroidManifest.xml:6:22-77
13    <uses-permission android:name="android.permission.WRITE_EXTERNAL_STORAGE" />
13-->src\main\AndroidManifest.xml:7:5-81
13-->src\main\AndroidManifest.xml:7:22-78
14    <uses-permission android:name="android.permission.ACCESS_NETWORK_STATE" />
14-->[com.google.firebase:firebase-analytics:10.0.1] AndroidManifest.xml:21:5-78
14-->[com.google.firebase:firebase-analytics:10.0.1] AndroidManifest.xml:21:22-76
15    <uses-permission android:name="android.permission.WAKE_LOCK" />
15-->[com.google.firebase:firebase-analytics:10.0.1] AndroidManifest.xml:22:5-67
15-->[com.google.firebase:firebase-analytics:10.0.1] AndroidManifest.xml:22:22-65
16    <uses-permission android:name="com.google.android.c2dm.permission.RECEIVE" />
16-->[com.google.firebase:firebase-iid:10.0.1] AndroidManifest.xml:22:5-81
16-->[com.google.firebase:firebase-iid:10.0.1] AndroidManifest.xml:22:22-79
17
18    <permission
18-->[com.google.firebase:firebase-iid:10.0.1] AndroidManifest.xml:24:5-109
19        android:name="com.example.singhkshitiz.letschat.permission.C2D_MESSAGE"
19-->[com.google.firebase:firebase-iid:10.0.1] AndroidManifest.xml:24:17-71
20        android:protectionLevel="signature" />
20-->[com.google.firebase:firebase-iid:10.0.1] AndroidManifest.xml:24:72-107
21
22    <uses-permission android:name="com.example.singhkshitiz.letschat.permission.C2D_MESSAGE" />
22-->[com.google.firebase:firebase-iid:10.0.1] AndroidManifest.xml:26:5-78
22-->[com.google.firebase:firebase-iid:10.0.1] AndroidManifest.xml:26:22-76
23
24    <application
24-->src\main\AndroidManifest.xml:9:5-54:19
25        android:name="com.example.singhkshitiz.letschat.LetsChat"
25-->src\main\AndroidManifest.xml:10:9-33
26        android:allowBackup="true"
26-->src\main\AndroidManifest.xml:11:9-35
27        android:debuggable="true"
28        android:icon="@mipmap/ic_launcher"
28-->src\main\AndroidManifest.xml:12:9-43
29        android:label="@string/app_name"
29-->src\main\AndroidManifest.xml:13:9-41
30        android:roundIcon="@mipmap/ic_launcher_round"
30-->src\main\AndroidManifest.xml:14:9-54
31        android:supportsRtl="true"
31-->src\main\AndroidManifest.xml:15:9-35
32        android:testOnly="true"
33        android:theme="@style/AppTheme" >
33-->src\main\AndroidManifest.xml:16:9-40
34        <service android:name="com.example.singhkshitiz.letschat.FirebaseMessagingService" >
34-->src\main\AndroidManifest.xml:17:9-21:19
34-->src\main\AndroidManifest.xml:17:18-58
35            <intent-filter>
35-->src\main\AndroidManifest.xml:18:13-20:29
36                <action android:name="com.google.firebase.MESSAGING_EVENT" />
36-->src\main\AndroidManifest.xml:19:17-78
36-->src\main\AndroidManifest.xml:19:25-75
37            </intent-filter>
38        </service>
39
40        <activity
40-->src\main\AndroidManifest.xml:23:9-30:20
41            android:name="com.example.singhkshitiz.letschat.MainActivity"
41-->src\main\AndroidManifest.xml:23:19-47
42            android:screenOrientation="portrait" >
42-->src\main\AndroidManifest.xml:24:13-49
43            <intent-filter>
43-->src\main\AndroidManifest.xml:25:13-29:29
44                <action android:name="android.intent.action.MAIN" />
44-->src\main\AndroidManifest.xml:26:17-69
44-->src\main\AndroidManifest.xml:26:25-66
45
46                <category android:name="android.intent.category.LAUNCHER" />
46-->src\main\AndroidManifest.xml:28:17-77
46-->src\main\AndroidManifest.xml:28:27-74
47            </intent-filter>
48        </activity>
49        <activity
49-->src\main\AndroidManifest.xml:31:9-33:15
50            android:name="com.example.singhkshitiz.letschat.LoginActivity"
50-->src\main\AndroidManifest.xml:31:19-48
51            android:theme="@style/AppTheme2" />
51-->src\main\AndroidManifest.xml:32:13-45
52        <activity
52-->src\main\AndroidManifest.xml:34:9-35:47
53            android:name="com.example.singhkshitiz.letschat.RegisterActivity"
53-->src\main\AndroidManifest.xml:34:19-51
54            android:theme="@style/AppTheme2" />
54-->src\main\AndroidManifest.xml:35:13-45
55        <activity
55-->src\main\AndroidManifest.xml:36:9-38:48
56            android:name="com.example.singhkshitiz.letschat.SettingActivity"
56-->src\main\AndroidManifest.xml:37:13-44
57            android:theme="@style/AppTheme2" />
57-->src\main\AndroidManifest.xml:38:13-45
58        <activity android:name="com.example.singhkshitiz.letschat.StatusActivity" />
58-->src\main\AndroidManifest.xml:39:9-52
58-->src\main\AndroidManifest.xml:39:19-49
59        <activity android:name="com.theartofdev.edmodo.cropper.CropImageActivity" />
59-->src\main\AndroidManifest.xml:40:9-85
59-->src\main\AndroidManifest.xml:40:19-82
60        <activity android:name="com.example.singhkshitiz.letschat.UserActivity" />
60-->src\main\AndroidManifest.xml:41:9-50
60-->src\main\AndroidManifest.xml:41:19-47
61        <activity
61-->src\main\AndroidManifest.xml:42:9-50:20
62            android:name="com.example.singhkshitiz.letschat.ProfileActivity"
62-->src\main\AndroidManifest.xml:43:13-44
63            android:theme="@style/AppTheme2" >
63-->src\main\AndroidManifest.xml:44:13-45
64            <intent-filter>
64-->src\main\AndroidManifest.xml:45:13-49:29
65                <action android:name="com.example.singhkshitiz.letschat_TARGET_NOTIFICATION" />
65-->src\main\AndroidManifest.xml:46:17-96
65-->src\main\AndroidManifest.xml:46:25-93
66
67                <category android:name="android.intent.category.DEFAULT" />
67-->src\main\AndroidManifest.xml:48:17-76
67-->src\main\AndroidManifest.xml:48:27-73
68            </intent-filter>
69        </activity>
70        <activity
70-->src\main\AndroidManifest.xml:51:9-53:61
71            android:name="com.example.singhkshitiz.letschat.ChatActivity"
71-->src\main\AndroidManifest.xml:51:19-47
72            android:parentActivityName="com.example.singhkshitiz.letschat.MainActivity"
72-->src\main\AndroidManifest.xml:52:13-55
73            android:screenOrientation="portrait" />
73-->src\main\AndroidManifest.xml:53:13-49
74
75        <meta-data
75-->[com.android.support:design:26.0.2] AndroidManifest.xml:26:9-28:38
76            android:name="android.support.VERSION"
76-->[com.android.support:design:26.0.2] AndroidManifest.xml:27:13-51
77            android:value="26.0.2" />
77-->[com.android.support:design:26.0.2] AndroidManifest.xml:28:13-35
78        <meta-data
78-->[com.firebaseui:firebase-ui-database:1.0.1] AndroidManifest.xml:14:9-16:69
79            android:name="com.google.android.gms.version"
79-->[com.firebaseui:firebase-ui-database:1.0.1] AndroidManifest.xml:15:13-58
80            android:value="@integer/google_play_services_version" />
80-->[com.firebaseui:firebase-ui-database:1.0.1] AndroidManifest.xml:16:13-66
81        <!--
82 FirebaseMessagingService performs security checks at runtime,
83             no need for explicit permissions despite exported="true"
84        -->
85        <service
85-->[com.google.firebase:firebase-messaging:10.0.1] AndroidManifest.xml:23:9-27:19
86            android:name="com.google.firebase.messaging.FirebaseMessagingService"
86-->[com.google.firebase:firebase-messaging:10.0.1] AndroidManifest.xml:23:18-87
87            android:exported="true" >
87-->[com.google.firebase:firebase-messaging:10.0.1] AndroidManifest.xml:23:88-111
88            <intent-filter android:priority="-500" >
88-->src\main\AndroidManifest.xml:18:13-20:29
89                <action android:name="com.google.firebase.MESSAGING_EVENT" />
89-->src\main\AndroidManifest.xml:19:17-78
89-->src\main\AndroidManifest.xml:19:25-75
90            </intent-filter>
91        </service>
92
93        <activity
93-->[com.google.android.gms:play-services-base:10.0.1] AndroidManifest.xml:19:9-172
94            android:name="com.google.android.gms.common.api.GoogleApiActivity"
94-->[com.google.android.gms:play-services-base:10.0.1] AndroidManifest.xml:19:19-85
95            android:exported="false"
95-->[com.google.android.gms:play-services-base:10.0.1] AndroidManifest.xml:19:146-170
96            android:theme="@android:style/Theme.Translucent.NoTitleBar" />
96-->[com.google.android.gms:play-services-base:10.0.1] AndroidManifest.xml:19:86-145
97
98        <receiver
98-->[com.google.firebase:firebase-analytics:10.0.1] AndroidManifest.xml:25:7-26:18
99            android:name="com.google.android.gms.measurement.AppMeasurementReceiver"
99-->[com.google.firebase:firebase-analytics:10.0.1] AndroidManifest.xml:25:17-89
100            android:enabled="true"
100-->[com.google.firebase:firebase-analytics:10.0.1] AndroidManifest.xml:25:90-112
101            android:exported="false" >
101-->[com.google.firebase:firebase-analytics:10.0.1] AndroidManifest.xml:25:113-137
102        </receiver>
103        <receiver
103-->[com.google.firebase:firebase-analytics:10.0.1] AndroidManifest.xml:27:7-31:18
104            android:name="com.google.android.gms.measurement.AppMeasurementInstallReferrerReceiver"
104-->[com.google.firebase:firebase-analytics:10.0.1] AndroidManifest.xml:27:17-104
105            android:enabled="true"
105-->[com.google.firebase:firebase-analytics:10.0.1] AndroidManifest.xml:27:162-184
106            android:permission="android.permission.INSTALL_PACKAGES" >
106-->[com.google.firebase:firebase-analytics:10.0.1] AndroidManifest.xml:27:105-161
107            <intent-filter>
107-->[com.google.firebase:firebase-analytics:10.0.1] AndroidManifest.xml:28:11-30:27
108                <action android:name="com.android.vending.INSTALL_REFERRER" />
108-->[com.google.firebase:firebase-analytics:10.0.1] AndroidManifest.xml:29:15-76
108-->[com.google.firebase:firebase-analytics:10.0.1] AndroidManifest.xml:29:23-74
109            </intent-filter>
110        </receiver>
111
112        <service
112-->[com.google.firebase:firebase-analytics:10.0.1] AndroidManifest.xml:32:7-137
113            android:name="com.google.android.gms.measurement.AppMeasurementService"
113-->[com.google.firebase:firebase-analytics:10.0.1] AndroidManifest.xml:32:16-87
114            android:enabled="true"
114-->[com.google.firebase:firebase-analytics:10.0.1] AndroidManifest.xml:32:88-110
115            android:exported="false" />
115-->[com.google.firebase:firebase-analytics:10.0.1] AndroidManifest.xml:32:111-135
116
117        <receiver
117-->[com.google.firebase:firebase-iid:10.0.1] AndroidManifest.xml:30:9-36:20
118            android:name="com.google.firebase.iid.FirebaseInstanceIdReceiver"
118-->[com.google.firebase:firebase-iid:10.0.1] AndroidManifest.xml:30:19-84
119            android:exported="true"
119-->[com.google.firebase:firebase-iid:10.0.1] AndroidManifest.xml:30:85-108
120            android:permission="com.google.android.c2dm.permission.SEND" >
120-->[com.google.firebase:firebase-iid:10.0.1] AndroidManifest.xml:30:109-169
121            <intent-filter>
121-->[com.google.firebase:firebase-iid:10.0.1] AndroidManifest.xml:31:13-35:29
122                <action android:name="com.google.android.c2dm.intent.RECEIVE" />
122-->[com.google.firebase:firebase-iid:10.0.1] AndroidManifest.xml:32:17-80
122-->[com.google.firebase:firebase-iid:10.0.1] AndroidManifest.xml:32:25-78
123                <action android:name="com.google.android.c2dm.intent.REGISTRATION" />
123-->[com.google.firebase:firebase-iid:10.0.1] AndroidManifest.xml:33:17-85
123-->[com.google.firebase:firebase-iid:10.0.1] AndroidManifest.xml:33:25-83
124
125                <category android:name="com.example.singhkshitiz.letschat" />
125-->[com.google.firebase:firebase-iid:10.0.1] AndroidManifest.xml:34:17-60
125-->[com.google.firebase:firebase-iid:10.0.1] AndroidManifest.xml:34:27-58
126            </intent-filter>
127        </receiver>
128        <!--
129 Internal (not exported) receiver used by the app to start its own exported services
130             without risk of being spoofed.
131        -->
132        <receiver
132-->[com.google.firebase:firebase-iid:10.0.1] AndroidManifest.xml:40:9-119
133            android:name="com.google.firebase.iid.FirebaseInstanceIdInternalReceiver"
133-->[com.google.firebase:firebase-iid:10.0.1] AndroidManifest.xml:40:19-92
134            android:exported="false" />
134-->[com.google.firebase:firebase-iid:10.0.1] AndroidManifest.xml:40:93-117
135        <!--
136 FirebaseInstanceIdService performs security checks at runtime,
137             no need for explicit permissions despite exported="true"
138        -->
139        <service
139-->[com.google.firebase:firebase-iid:10.0.1] AndroidManifest.xml:44:9-48:19
140            android:name="com.google.firebase.iid.FirebaseInstanceIdService"
140-->[com.google.firebase:firebase-iid:10.0.1] AndroidManifest.xml:44:18-82
141            android:exported="true" >
141-->[com.google.firebase:firebase-iid:10.0.1] AndroidManifest.xml:44:83-106
142            <intent-filter android:priority="-500" >
142-->[com.google.firebase:firebase-iid:10.0.1] AndroidManifest.xml:45:13-47:29
142-->[com.google.firebase:firebase-iid:10.0.1] AndroidManifest.xml:45:28-51
143                <action android:name="com.google.firebase.INSTANCE_ID_EVENT" />
143-->[com.google.firebase:firebase-iid:10.0.1] AndroidManifest.xml:46:17-79
143-->[com.google.firebase:firebase-iid:10.0.1] AndroidManifest.xml:46:25-77
144            </intent-filter>
145        </service>
146
147        <provider
147-->[com.google.firebase:firebase-common:10.0.1] AndroidManifest.xml:6:9-194
148            android:name="com.google.firebase.provider.FirebaseInitProvider"
148-->[com.google.firebase:firebase-common:10.0.1] AndroidManifest.xml:6:79-143
149            android:authorities="com.example.singhkshitiz.letschat.firebaseinitprovider"
149-->[com.google.firebase:firebase-common:10.0.1] AndroidManifest.xml:6:19-78
150            android:exported="false"
150-->[com.google.firebase:firebase-common:10.0.1] AndroidManifest.xml:6:144-168
151            android:initOrder="100" />
151-->[com.google.firebase:firebase-common:10.0.1] AndroidManifest.xml:6:169-192
152    </application>
153
154</manifest>